[debug] [2026-04-19T17:18:43.757Z] ----------------------------------------------------------------------
[debug] [2026-04-19T17:18:43.759Z] Command:       /opt/homebrew/Cellar/node/25.8.1_1/bin/node /opt/homebrew/bin/firebase init
[debug] [2026-04-19T17:18:43.759Z] CLI Version:   15.15.0
[debug] [2026-04-19T17:18:43.759Z] Platform:      darwin
[debug] [2026-04-19T17:18:43.759Z] Node Version:  v25.8.1
[debug] [2026-04-19T17:18:43.759Z] Time:          Sun Apr 19 2026 22:48:43 GMT+0530 (India Standard Time)
[debug] [2026-04-19T17:18:43.759Z] ----------------------------------------------------------------------
[debug] 
[info] 
     ######## #### ########  ######## ########     ###     ######  ########
     ##        ##  ##     ## ##       ##     ##  ##   ##  ##       ##
     ######    ##  ########  ######   ########  #########  ######  ######
     ##        ##  ##    ##  ##       ##     ## ##     ##       ## ##
     ##       #### ##     ## ######## ########  ##     ##  ######  ########

You're about to initialize a Firebase project in this directory:

  /Users/deepakgupta/Desktop/tuktukindia

[info] 
=== Project Setup
[info] 
[info] First, let's associate this project directory with a Firebase project.
[info] You can create multiple project aliases by running firebase use --add, 
[info] 
[debug] [2026-04-19T17:19:01.542Z] > command requires scopes: ["email","openid","https://www.googleapis.com/auth/cloudplatformprojects.readonly","https://www.googleapis.com/auth/firebase","https://www.googleapis.com/auth/cloud-platform"]
[debug] [2026-04-19T17:19:01.542Z] > authorizing via signed-in user (sitevity@gmail.com)
[debug] [2026-04-19T17:19:01.544Z] Checked if tokens are valid: true, expires at: 1776622129690
[debug] [2026-04-19T17:19:01.544Z] Checked if tokens are valid: true, expires at: 1776622129690
[debug] [2026-04-19T17:19:01.546Z] >>> [apiv2][query] GET https://firebase.googleapis.com/v1beta1/projects/tuktukindia-f77cb [none]
[debug] [2026-04-19T17:19:02.843Z] <<< [apiv2][status] GET https://firebase.googleapis.com/v1beta1/projects/tuktukindia-f77cb 200
[debug] [2026-04-19T17:19:02.844Z] <<< [apiv2][body] GET https://firebase.googleapis.com/v1beta1/projects/tuktukindia-f77cb {"projectId":"tuktukindia-f77cb","projectNumber":"590090689153","displayName":"tuktukindia","name":"projects/tuktukindia-f77cb","resources":{"hostingSite":"tuktukindia-f77cb"},"state":"ACTIVE","etag":"1_5442eb70-6105-465a-b87b-3c8b60717b62"}
[info] i  Using project tuktukindia-f77cb (tuktukindia) . 
[info] 
=== Dataconnect Setup
[info] i  dataconnect: ensuring required API firebasedataconnect.googleapis.com is enabled... 
[info] i  dataconnect: ensuring required API sqladmin.googleapis.com is enabled... 
[debug] [2026-04-19T17:19:02.860Z] Checked if tokens are valid: true, expires at: 1776622129690
[debug] [2026-04-19T17:19:02.860Z] Checked if tokens are valid: true, expires at: 1776622129690
[debug] [2026-04-19T17:19:02.860Z] >>> [apiv2][query] GET https://firebasedataconnect.googleapis.com/v1/projects/tuktukindia-f77cb/locations/-/services [none]
[debug] [2026-04-19T17:19:05.078Z] <<< [apiv2][status] GET https://firebasedataconnect.googleapis.com/v1/projects/tuktukindia-f77cb/locations/-/services 200
[debug] [2026-04-19T17:19:05.079Z] <<< [apiv2][body] GET https://firebasedataconnect.googleapis.com/v1/projects/tuktukindia-f77cb/locations/-/services {}
[info] i  : ensuring required API cloudaicompanion.googleapis.com is enabled... 
[debug] [2026-04-19T17:19:19.613Z] Checked if tokens are valid: true, expires at: 1776622129690
[debug] [2026-04-19T17:19:19.613Z] Checked if tokens are valid: true, expires at: 1776622129690
[debug] [2026-04-19T17:19:19.613Z] >>> [apiv2][query] GET https://serviceusage.googleapis.com/v1/projects/tuktukindia-f77cb/services/cloudaicompanion.googleapis.com [none]
[debug] [2026-04-19T17:19:19.613Z] >>> [apiv2][(partial)header] GET https://serviceusage.googleapis.com/v1/projects/tuktukindia-f77cb/services/cloudaicompanion.googleapis.com  x-goog-user-project=tuktukindia-f77cb
[debug] [2026-04-19T17:19:21.861Z] <<< [apiv2][status] GET https://serviceusage.googleapis.com/v1/projects/tuktukindia-f77cb/services/cloudaicompanion.googleapis.com 200
[debug] [2026-04-19T17:19:21.861Z] <<< [apiv2][body] GET https://serviceusage.googleapis.com/v1/projects/tuktukindia-f77cb/services/cloudaicompanion.googleapis.com [omitted]
[info] ✔  : required API cloudaicompanion.googleapis.com is enabled 
[debug] [2026-04-19T17:19:31.631Z] Checked if tokens are valid: true, expires at: 1776622129690
[debug] [2026-04-19T17:19:31.632Z] Checked if tokens are valid: true, expires at: 1776622129690
[debug] [2026-04-19T17:19:31.633Z] >>> [apiv2][query] GET https://cloudbilling.googleapis.com/v1/projects/tuktukindia-f77cb/billingInfo [none]
[debug] [2026-04-19T17:19:33.408Z] <<< [apiv2][status] GET https://cloudbilling.googleapis.com/v1/projects/tuktukindia-f77cb/billingInfo 200
[debug] [2026-04-19T17:19:33.408Z] <<< [apiv2][body] GET https://cloudbilling.googleapis.com/v1/projects/tuktukindia-f77cb/billingInfo {"name":"projects/tuktukindia-f77cb/billingInfo","projectId":"tuktukindia-f77cb","billingAccountName":"","billingEnabled":false}
[debug] [2026-04-19T17:19:33.409Z] Checked if tokens are valid: true, expires at: 1776622129690
[debug] [2026-04-19T17:19:33.409Z] Checked if tokens are valid: true, expires at: 1776622129690
[debug] [2026-04-19T17:19:33.410Z] >>> [apiv2][query] GET https://monitoring.googleapis.com/v3/projects/tuktukindia-f77cb/timeSeries/ filter=metric.type%3D%22serviceruntime.googleapis.com%2Fquota%2Fallocation%2Fusage%22+AND+metric.label.quota_metric+%3D+%22sqladmin.googleapis.com%2Ffdc_lifetime_free_trial_per_project%22&interval.endTime=2026-04-19T17%3A19%3A33.408Z&interval.startTime=2026-04-12T17%3A19%3A33.408Z
[debug] [2026-04-19T17:19:34.713Z] <<< [apiv2][status] GET https://monitoring.googleapis.com/v3/projects/tuktukindia-f77cb/timeSeries/ 200
[debug] [2026-04-19T17:19:34.713Z] <<< [apiv2][body] GET https://monitoring.googleapis.com/v3/projects/tuktukindia-f77cb/timeSeries/ {"timeSeries":[{"metric":{"labels":{"quota_metric":"sqladmin.googleapis.com/fdc_lifetime_free_trial_per_project"},"type":"serviceruntime.googleapis.com/quota/allocation/usage"},"resource":{"type":"consumer_quota","labels":{"project_id":"tuktukindia-f77cb","location":"global","service":"sqladmin.googleapis.com"}},"metricKind":"GAUGE","valueType":"INT64","points":[{"interval":{"startTime":"2026-04-19T17:14:31Z","endTime":"2026-04-19T17:14:31Z"},"value":{"int64Value":"1"}}]}],"unit":"1"}
[warn] ⚠  dataconnect: CloudSQL no cost trial has already been used on this project. 
[debug] [2026-04-19T17:19:34.713Z] Checked if tokens are valid: true, expires at: 1776622129690
[debug] [2026-04-19T17:19:34.714Z] Checked if tokens are valid: true, expires at: 1776622129690
[debug] [2026-04-19T17:19:34.714Z] >>> [apiv2][query] GET https://sqladmin.googleapis.com/v1/projects/tuktukindia-f77cb/instances [none]
[debug] [2026-04-19T17:19:35.810Z] <<< [apiv2][status] GET https://sqladmin.googleapis.com/v1/projects/tuktukindia-f77cb/instances 200
[debug] [2026-04-19T17:19:35.810Z] <<< [apiv2][body] GET https://sqladmin.googleapis.com/v1/projects/tuktukindia-f77cb/instances {"items":[{"kind":"sql#instance","state":"PENDING_CREATE","databaseVersion":"POSTGRES_18","settings":{"authorizedGaeApplications":[],"tier":"db-f1-micro","kind":"sql#settings","userLabels":{"firebase-data-connect":"ft"},"availabilityType":"ZONAL","pricingPlan":"PER_USE","replicationType":"SYNCHRONOUS","activationPolicy":"ALWAYS","ipConfiguration":{"authorizedNetworks":[],"sslMode":"ALLOW_UNENCRYPTED_AND_ENCRYPTED","ipv4Enabled":true,"requireSsl":false,"serverCaMode":"GOOGLE_MANAGED_INTERNAL_CA","serverCertificateRotationMode":"SERVER_CERTIFICATE_ROTATION_MODE_UNSPECIFIED"},"locationPreference":{"zone":"asia-east1-a","kind":"sql#locationPreference"},"databaseFlags":[{"name":"cloudsql.iam_authentication","value":"on"}],"dataDiskType":"PD_SSD","backupConfiguration":{"startTime":"14:00","kind":"sql#backupConfiguration","backupRetentionSettings":{"retentionUnit":"COUNT","retainedBackups":7},"enabled":false,"transactionLogRetentionDays":7,"transactionalLogStorageState":"TRANSACTIONAL_LOG_STORAGE_STATE_UNSPECIFIED","backupTier":"STANDARD"},"insightsConfig":{"queryInsightsEnabled":true,"queryStringLength":1024,"queryPlansPerMinute":5},"edition":"ENTERPRISE","connectorEnforcement":"NOT_REQUIRED","settingsVersion":"0","storageAutoResizeLimit":"0","storageAutoResize":false,"dataDiskSizeGb":"10","deletionProtectionEnabled":false,"replicationLagMaxSeconds":31536000,"enableGoogleMlIntegration":false,"enableDataplexIntegration":true},"etag":"15630379a2c357ebf0b0acbb0596247eafa2a11e0c165a9447eb511248afd77a","ipAddresses":[{"type":"PRIMARY","ipAddress":"35.221.253.250"},{"type":"OUTGOING","ipAddress":"34.80.21.182"}],"serverCaCert":{"kind":"sql#sslCert","certSerialNumber":"0","cert":"-----BEGIN CERTIFICATE-----\nMIIDcTCCAlmgAwIBAgIBADANBgkqhkiG9w0BAQsFADBwMS0wKwYDVQQuEyRjMTMw\nMDM4OS1hMDhjLTQzZDUtOTUzNy00NDNkMWNmMTFlOTkxHDAaBgNVBAMTE0Nsb3Vk\nIFNRTCBTZXJ2ZXIgQ0ExFDASBgNVBAoTC0dvb2dsZSwgSW5jMQswCQYDVQQGEwJV\nUzAeFw0yNjA0MTkxNzE1MTJaFw0zNjA0MTYxNzE2MTJaMHAxLTArBgNVBC4TJGMx\nMzAwMzg5LWEwOGMtNDNkNS05NTM3LTQ0M2QxY2YxMWU5OTEcMBoGA1UEAxMTQ2xv\ndWQgU1FMIFNlcnZlciBDQTEUMBIGA1UEChMLR29vZ2xlLCBJbmMxCzAJBgNVBAYT\nAlVTMIIBIjANBgkqhkiG9w0BAQEFAAOCAQ8AMIIBCgKCAQEAlRiOaj4A35Yv1mJM\nTAZJZ52O0h9776ndhMLeqR/ZKhJUm0XP411xL4sUWRJMAfDJJcZkNKs/7bISj8nV\nUfPV2xHJ+7Cxx5EeN3F9bCiYyM35qfaB79lJBbiEHT/sZ8mJDZblaoD0/eoNQsU0\nsBT/7r0Fz6extQ4S2jJyV34zYl+eBohVvjYZK+NJ8ygpw5VlXE4vq+nEwBK/Ye5c\nvKbEK4thWfP7p8CJT4mTM08t/PDbgg2oKBPP9rCSKC/MXGh/HzTeIWgCzkh7MhZG\nDQe+9OCbS3So7y2AcJRRDkJ+dIvWLXKmNVBoM4cqwLiRjd6MJk4UObbwEgcHnpsN\n1b89wQIDAQABoxYwFDASBgNVHRMBAf8ECDAGAQH/AgEAMA0GCSqGSIb3DQEBCwUA\nA4IBAQBRok5D9dtMSzxWj55wlhdpwKgXXenq0wQJTcszkWOG+TOGL5+3wh6XS7Eq\nkA0YB5+2TI1V00wQGG4/JIp7g1p8ZuA59ug8i0QjdahQ2J6VeUZaw0l4pjiw8B4t\nttEP63n00WGnuoMogZUmxlgnozb+1ikMLnqUCIU8yjCJwY/qppwmk8dimz8MmhaR\nD13Y7e84UICoCNBbnwllhZMg/fzliiHKcSzJNimbJvU3+0s8JmNi4d5lpjFb7GAX\n7nlDty8uPNeM6k3NiKAkXMEKKiEZNjiih00xLQg7rYN6umo/DomXtZJhi7GZWAh7\nbNLYCvQMDRgCUpZhOtv/yn9XGV0+\n-----END CERTIFICATE-----","commonName":"C=US,O=Google\\, Inc,CN=Cloud SQL Server CA,dnQualifier=c1300389-a08c-43d5-9537-443d1cf11e99","sha1Fingerprint":"8938e589bbad49677999a911548264125393851c","instance":"tuktukindia-fdc","createTime":"2026-04-19T17:15:12.931Z","expirationTime":"2036-04-16T17:16:12.931Z"},"instanceType":"CLOUD_SQL_INSTANCE","project":"tuktukindia-f77cb","serviceAccountEmailAddress":"p590090689153-has2cq@gcp-sa-cloud-sql.iam.gserviceaccount.com","backendType":"SECOND_GEN","selfLink":"https://sqladmin.googleapis.com/v1/projects/tuktukindia-f77cb/instances/tuktukindia-fdc","connectionName":"tuktukindia-f77cb:asia-east1:tuktukindia-fdc","name":"tuktukindia-fdc","region":"asia-east1","gceZone":"asia-east1-a","databaseInstalledVersion":"POSTGRES_18_3","maintenanceVersion":"POSTGRES_18_3.R20260319.00_02","createTime":"2026-04-19T17:14:27.356Z","sqlNetworkArchitecture":"NEW_NETWORK_ARCHITECTURE","satisfiesPzi":false,"includeReplicasForMajorVersionUpgrade":false}]}
[debug] [2026-04-19T17:19:41.535Z] Checked if tokens are valid: true, expires at: 1776622129690
[debug] [2026-04-19T17:19:41.536Z] Checked if tokens are valid: true, expires at: 1776622129690
[debug] [2026-04-19T17:19:41.536Z] >>> [apiv2][query] GET https://sqladmin.googleapis.com/v1/projects/tuktukindia-f77cb/instances/tuktukindia-fdc/databases [none]
[debug] [2026-04-19T17:19:42.351Z] <<< [apiv2][status] GET https://sqladmin.googleapis.com/v1/projects/tuktukindia-f77cb/instances/tuktukindia-fdc/databases 400
[debug] [2026-04-19T17:19:42.351Z] <<< [apiv2][body] GET https://sqladmin.googleapis.com/v1/projects/tuktukindia-f77cb/instances/tuktukindia-fdc/databases {"error":{"code":400,"message":"Invalid request: Invalid request since instance is not running.","errors":[{"message":"Invalid request: Invalid request since instance is not running.","domain":"global","reason":"invalid"}]}}
[debug] [2026-04-19T17:19:42.353Z] [dataconnect] Cannot list databases during init: FirebaseError: Request to https://sqladmin.googleapis.com/v1/projects/tuktukindia-f77cb/instances/tuktukindia-fdc/databases had HTTP Error: 400, Invalid request: Invalid request since instance is not running.
[info] ✔  dataconnect: Detected existing apps . (web), functions (admin_node) 
[debug] [2026-04-19T17:20:02.193Z] Checked if tokens are valid: true, expires at: 1776622129690
[debug] [2026-04-19T17:20:02.194Z] Checked if tokens are valid: true, expires at: 1776622129690
[debug] [2026-04-19T17:20:02.194Z] >>> [apiv2][query] POST https://firebasedataconnect.googleapis.com/v1/projects/tuktukindia-f77cb/locations/asia-east1/services service_id=tuktukindia
[debug] [2026-04-19T17:20:02.194Z] >>> [apiv2][body] POST https://firebasedataconnect.googleapis.com/v1/projects/tuktukindia-f77cb/locations/asia-east1/services {"name":"projects/tuktukindia-f77cb/locations/asia-east1/services/tuktukindia"}
[debug] [2026-04-19T17:20:07.121Z] <<< [apiv2][status] POST https://firebasedataconnect.googleapis.com/v1/projects/tuktukindia-f77cb/locations/asia-east1/services 200
[debug] [2026-04-19T17:20:07.121Z] <<< [apiv2][body] POST https://firebasedataconnect.googleapis.com/v1/projects/tuktukindia-f77cb/locations/asia-east1/services {"name":"projects/tuktukindia-f77cb/locations/asia-east1/operations/operation-1776619203636-64fd36488ace9-5fc070b6-ab9a5e11","metadata":{"@type":"type.googleapis.com/google.firebase.dataconnect.v1.OperationMetadata","createTime":"2026-04-19T17:20:06.601370745Z","target":"projects/tuktukindia-f77cb/locations/asia-east1/services/tuktukindia","verb":"create","requestedCancellation":false,"apiVersion":"v1"},"done":false}
[debug] [2026-04-19T17:20:07.122Z] Checked if tokens are valid: true, expires at: 1776622129690
[debug] [2026-04-19T17:20:07.122Z] Checked if tokens are valid: true, expires at: 1776622129690
[debug] [2026-04-19T17:20:07.123Z] >>> [apiv2][query] GET https://firebasedataconnect.googleapis.com/v1/projects/tuktukindia-f77cb/locations/asia-east1/operations/operation-1776619203636-64fd36488ace9-5fc070b6-ab9a5e11 [none]
